<?xml version="1.0" encoding="UTF-8"?>
<!-- Generated by org.testng.reporters.JUnitXMLReporter -->
<testsuite hostname="NPF0SKRSD" ignored="3" name="Chrome suite" tests="4" failures="3" timestamp="03 Aug 2018 14:59:44 GMT" time="35.53" errors="0">
  <testcase name="loginWithInvalidPassword" time="1.672" classname="scripts.web.Login"/>
  <testcase name="loginWithInvalidPassword" time="2.467" classname="scripts.web.Login">
    <failure type="java.lang.NullPointerException">
      <![CDATA[java.lang.NullPointerException
at businessLogic.webpages.LoginPage.verifyInvalidErrorMessage(LoginPage.java:48)
at scripts.web.Login.loginWithInvalidPassword(Login.java:18)
at java.util.concurrent.FutureTask.run(FutureTask.java:266)
at java.util.concurrent.ThreadPoolExecutor.runWorker(ThreadPoolExecutor.java:1149)
at java.util.concurrent.ThreadPoolExecutor$Worker.run(ThreadPoolExecutor.java:624)
at java.lang.Thread.run(Thread.java:748)
... Removed 16 stack frames]]>
    </failure>
  </testcase> <!-- loginWithInvalidPassword -->
  <testcase name="goToMenu" time="0.825" classname="scripts.web.Home">
    <failure type="java.lang.NullPointerException">
      <![CDATA[java.lang.NullPointerException
at businessLogic.webpages.HomePage.goToMenu(HomePage.java:45)
at scripts.web.Home.goToMenu(Home.java:32)
at java.util.concurrent.FutureTask.run(FutureTask.java:266)
at java.util.concurrent.ThreadPoolExecutor.runWorker(ThreadPoolExecutor.java:1149)
at java.util.concurrent.ThreadPoolExecutor$Worker.run(ThreadPoolExecutor.java:624)
at java.lang.Thread.run(Thread.java:748)
... Removed 16 stack frames]]>
    </failure>
  </testcase> <!-- goToMenu -->
  <testcase name="verifyHomePageMainMenus" time="0.37" classname="scripts.web.Home">
    <failure type="java.lang.AssertionError" message="Lists differ at element [0]: ELECTRONICS != Electronics expected [ELECTRONICS] but found [Electronics]">
      <![CDATA[java.lang.AssertionError: Lists differ at element [0]: ELECTRONICS != Electronics expected [ELECTRONICS] but found [Electronics]
at scripts.web.Home.verifyHomePageMainMenus(Home.java:25)
at java.util.concurrent.FutureTask.run(FutureTask.java:266)
at java.util.concurrent.ThreadPoolExecutor.runWorker(ThreadPoolExecutor.java:1149)
at java.util.concurrent.ThreadPoolExecutor$Worker.run(ThreadPoolExecutor.java:624)
at java.lang.Thread.run(Thread.java:748)
... Removed 21 stack frames]]>
    </failure>
  </testcase> <!-- verifyHomePageMainMenus -->
  <testcase name="@BeforeSuite getdriver" time="0.0" classname="driverCreation.TestBase">
    <ignored/>
  </testcase> <!-- @BeforeSuite getdriver -->
  <testcase name="@AfterTest tearDown" time="0.0" classname="driverCreation.TestBase">
    <ignored/>
  </testcase> <!-- @AfterTest tearDown -->
  <testcase name="@BeforeTest beforeTestSetUp" time="0.0" classname="driverCreation.TestBase">
    <ignored/>
  </testcase> <!-- @BeforeTest beforeTestSetUp -->
</testsuite> <!-- Chrome suite -->
